cn.sorted: sorted 0 entries.
addr.cn.sorted: sorted 0 entries.
serial.cn.sorted: sorted 0 entries.
en.sorted: sorted 131 entries.
addr.en.sorted: sorted 17 entries.
serial.en.sorted: sorted 17 entries.
es.sorted: sorted 0 entries.
addr.es.sorted: sorted 0 entries.
serial.es.sorted: sorted 0 entries.
fr.sorted: sorted 254 entries.
addr.fr.sorted: sorted 44 entries.
serial.fr.sorted: sorted 44 entries.
he.sorted: sorted 0 entries.
addr.he.sorted: sorted 0 entries.
serial.he.sorted: sorted 0 entries.
it.sorted: sorted 0 entries.
addr.it.sorted: sorted 0 entries.
serial.it.sorted: sorted 0 entries.
nl.sorted: sorted 0 entries.
addr.nl.sorted: sorted 0 entries.
serial.nl.sorted: sorted 0 entries.
si.sorted: sorted 0 entries.
addr.si.sorted: sorted 0 entries.
serial.si.sorted: sorted 0 entries.
title.cn.sorted: sorted 0 entries.
title.en.sorted: sorted 17 entries.
title.es.sorted: sorted 0 entries.
title.fr.sorted: sorted 44 entries.
title.he.sorted: sorted 0 entries.
title.it.sorted: sorted 0 entries.
title.nl.sorted: sorted 0 entries.
title.si.sorted: sorted 0 entries.
description.cn.sorted: sorted 0 entries.
description.en.sorted: sorted 17 entries.
description.es.sorted: sorted 0 entries.
description.fr.sorted: sorted 44 entries.
description.he.sorted: sorted 0 entries.
description.it.sorted: sorted 0 entries.
description.nl.sorted: sorted 0 entries.
description.si.sorted: sorted 0 entries.
